Дата/время: 2023-11-21 21:43:56.102084
Имя функции: hello_world
Аргументы: () и {}
Результат: Hello World
Дата/время: 2023-11-21 21:43:56.103085
Имя функции: summator
Аргументы: (2, 2) и {}
Результат: 4
Дата/время: 2023-11-21 21:43:56.103085
Имя функции: div
Аргументы: (6, 2) и {}
Результат: 3.0
Дата/время: 2023-11-21 21:43:56.103085
Имя функции: summator
Аргументы: (4.3,) и {'b': 2.2}
Результат: 6.5
Дата/время: 2023-11-21 21:43:56.104085
Имя функции: summator
Аргументы: () и {'a': 0, 'b': 0}
Результат: 0
Дата/время: 2023-11-21 21:46:32.070540
Имя функции: hello_world
Аргументы: () и {}
Результат: Hello World
Дата/время: 2023-11-21 21:46:32.092528
Имя функции: summator
Аргументы: (2, 2) и {}
Результат: 4
Дата/время: 2023-11-21 21:46:32.092528
Имя функции: div
Аргументы: (6, 2) и {}
Результат: 3.0
Дата/время: 2023-11-21 21:46:32.093531
Имя функции: summator
Аргументы: (4.3,) и {'b': 2.2}
Результат: 6.5
Дата/время: 2023-11-21 21:46:32.093531
Имя функции: hello_world
Аргументы: () и {}
Результат: Hello World
Дата/время: 2023-11-21 21:46:32.093531
Имя функции: summator
Аргументы: (2, 2) и {}
Результат: 4
Дата/время: 2023-11-21 21:46:32.094531
Имя функции: div
Аргументы: (6, 2) и {}
Результат: 3.0
Дата/время: 2023-11-21 21:46:32.094531
Имя функции: summator
Аргументы: (4.3,) и {'b': 2.2}
Результат: 6.5
Дата/время: 2023-11-21 21:46:32.115430
Имя функции: hello_world
Аргументы: () и {}
Результат: Hello World
Дата/время: 2023-11-21 21:46:32.115430
Имя функции: summator
Аргументы: (2, 2) и {}
Результат: 4
Дата/время: 2023-11-21 21:46:32.116430
Имя функции: div
Аргументы: (6, 2) и {}
Результат: 3.0
Дата/время: 2023-11-21 21:46:32.116430
Имя функции: summator
Аргументы: (4.3,) и {'b': 2.2}
Результат: 6.5
Дата/время: 2023-11-21 21:49:54.364782
Имя функции: smart_hero
Аргументы: (['Hulk', 'Captain America', 'Thanos'],) и {}
Результат: Самый умный супергерой: Hulk
